#
# A fatal error has been detected by the Java Runtime Environment:
#
#  EXCEPTION_ACCESS_VIOLATION (0xc0000005) at pc=0x00007fffcf3ea453, pid=8612, tid=15004
#
# JRE version: OpenJDK Runtime Environment Temurin-11.0.19+7 (11.0.19+7) (build 11.0.19+7)
# Java VM: OpenJDK 64-Bit Server VM Temurin-11.0.19+7 (11.0.19+7, mixed mode, tiered, compressed oops, g1 gc, windows-amd64)
# Problematic frame:
# V  [jvm.dll+0x22a453]
#
# No core dump will be written. Minidumps are not enabled by default on client versions of Windows
#
# If you would like to submit a bug report, please visit:
#   https://github.com/adoptium/adoptium-support/issues
#

---------------  S U M M A R Y ------------

Command Line: -Dallure.results.directory=C:\NETOLOGY\autojava\JavaCorse\build\allure-results -Djunit.jupiter.extensions.autodetection.enabled=true -Dorg.gradle.native=false -Dselenide.headless -javaagent:C:\Users\user\.gradle\caches\modules-2\files-2.1\org.aspectj\aspectjweaver\1.9.9.1\dcd2703279a94ad909fa3f3d08671cb0f2dabf7\aspectjweaver-1.9.9.1.jar -Xmx512m -Dfile.encoding=UTF-8 -Duser.country=RU -Duser.language=ru -Duser.variant -ea worker.org.gradle.process.internal.worker.GradleWorkerMain 'Gradle Test Executor 8'

Host: Intel(R) Core(TM) i5-2430M CPU @ 2.40GHz, 4 cores, 7G,  Windows 10 , 64 bit Build 19041 (10.0.19041.1806)
Time: Thu Aug  3 22:29:58 2023  Windows 10 , 64 bit Build 19041 (10.0.19041.1806) elapsed time: 14.994680 seconds (0d 0h 0m 14s)

---------------  T H R E A D  ---------------

Current thread (0x0000020158c1e800):  JavaThread "C2 CompilerThread0" daemon [_thread_in_native, id=15004, stack(0x000000b597700000,0x000000b597800000)]


Current CompileTask:
C2:  14995 3882       4       org.aspectj.weaver.bcel.LazyClassGen::<init> (555 bytes)

Stack: [0x000000b597700000,0x000000b597800000],  sp=0x000000b5977fd900,  free space=1014k
Native frames: (J=compiled Java code, j=interpreted, Vv=VM code, C=native code)
V  [jvm.dll+0x22a453]
V  [jvm.dll+0x67b36a]
V  [jvm.dll+0x221b5e]
V  [jvm.dll+0x19e6c1]
V  [jvm.dll+0x231f59]
V  [jvm.dll+0x2300af]
V  [jvm.dll+0x7a48d0]
V  [jvm.dll+0x79d6e4]
V  [jvm.dll+0x64e915]
C  [ucrtbase.dll+0x21bb2]
C  [KERNEL32.DLL+0x17034]
C  [ntdll.dll+0x52651]


siginfo: EXCEPTION_ACCESS_VIOLATION (0xc0000005), reading address 0x0000000400000000


Register to memory mapping:

RIP=0x00007fffcf3ea453 jvm.dll
RAX=0x000002015c2f8da8 points into unknown readable memory: 0x0000000000000000 | 00 00 00 00 00 00 00 00
RBX=0x000000b5977fdbc0 is pointing into the stack for thread: 0x0000020158c1e800
RCX=0x0000000000010000 is an unknown value
RDX=0x000002015afc5d58 points into unknown readable memory: 0x09be1a027503ff02 | 02 ff 03 75 02 1a be 09
RSP=0x000000b5977fd900 is pointing into the stack for thread: 0x0000020158c1e800
RBP=0x000000000000001f is an unknown value
RSI=0x000000000000078d is an unknown value
RDI=0x0000000400000000 is an unknown value
R8 =0x0000000000010000 is an unknown value
R9 =0x0 is NULL
R10=0x000002015c5b3f00 points into unknown readable memory: 0x0000000000000003 | 03 00 00 00 00 00 00 00
R11=0x000002015afc5b70 points into unknown readable memory: 0x1c00000000000000 | 00 00 00 00 00 00 00 1c
R12=0x0000000000000451 is an unknown value
R13=0x000002015cae8010 points into unknown readable memory: 0x00007fffcfa89b40 | 40 9b a8 cf ff 7f 00 00
R14=0x0000000000000708 is an unknown value
R15=0x000002015c2f8d70 points into unknown readable memory: 0x00007fffcfae8428 | 28 84 ae cf ff 7f 00 00


Registers:
RAX=0x000002015c2f8da8, RBX=0x000000b5977fdbc0, RCX=0x0000000000010000, RDX=0x000002015afc5d58
RSP=0x000000b5977fd900, RBP=0x000000000000001f, RSI=0x000000000000078d, RDI=0x0000000400000000
R8 =0x0000000000010000, R9 =0x0000000000000000, R10=0x000002015c5b3f00, R11=0x000002015afc5b70
R12=0x0000000000000451, R13=0x000002015cae8010, R14=0x0000000000000708, R15=0x000002015c2f8d70
RIP=0x00007fffcf3ea453, EFLAGS=0x0000000000010246

Top of Stack: (sp=0x000000b5977fd900)
0x000000b5977fd900:   000000b5977fdbc0 0000000000000051
0x000000b5977fd910:   000000b5977fdbc0 00007fffcf83a210
0x000000b5977fd920:   000000b5977fda60 00007fffcfa73a18
0x000000b5977fd930:   0000000000000000 000000b5977fdbb0
0x000000b5977fd940:   0000020158bb5a50 00007fffcf83b36a
0x000000b5977fd950:   0000020158bb5a50 000000b5977fdc10
0x000000b5977fd960:   0000000000000001 000000b5977fdb50
0x000000b5977fd970:   0000000000000002 0000000000000001
0x000000b5977fd980:   000000b5977fedf0 00007fffcf3e1b5e
0x000000b5977fd990:   000002015cc07f20 000002015cc07f20
0x000000b5977fd9a0:   000000b5977fda90 000000b5977fe680
0x000000b5977fd9b0:   0000000000000000 000000b5977fef50
0x000000b5977fd9c0:   000000000000000e 0000020159f4c8e0
0x000000b5977fd9d0:   000000b5977ff100 000000b5977ff118
0x000000b5977fd9e0:   0000020158c09570 0000000000000001
0x000000b5977fd9f0:   0000000000000000 0000000000000002 

Instructions: (pc=0x00007fffcf3ea453)
0x00007fffcf3ea353:   e8 ff 41 8b c6 48 f7 d8 4d 8d 3c c7 4c 89 bc 24
0x00007fffcf3ea363:   88 00 00 00 4c 3b 7c 24 20 0f 83 11 fe ff ff 4c
0x00007fffcf3ea373:   8b 74 24 30 4c 8b 64 24 38 48 8b 7c 24 40 48 8b
0x00007fffcf3ea383:   ac 24 80 00 00 00 48 83 c4 48 41 5f 41 5d 5e 5b
0x00007fffcf3ea393:   c3 cc cc cc cc cc cc cc cc cc cc cc cc 40 53 56
0x00007fffcf3ea3a3:   57 41 54 48 83 ec 28 8b b9 d0 01 00 00 48 8b da
0x00007fffcf3ea3b3:   2b b9 f8 01 00 00 48 8b f1 3b 7a 08 72 0a 8b d7
0x00007fffcf3ea3c3:   48 8b cb e8 d5 24 40 00 48 8b 43 10 48 c7 04 f8
0x00007fffcf3ea3d3:   00 00 00 00 48 8b 96 60 02 00 00 48 85 d2 74 08
0x00007fffcf3ea3e3:   48 8b cb e8 85 b3 e8 ff 48 8b 96 68 02 00 00 48
0x00007fffcf3ea3f3:   85 d2 74 08 48 8b cb e8 71 b3 e8 ff 8b 53 18 45
0x00007fffcf3ea403:   33 e4 85 d2 0f 84 d9 00 00 00 48 89 6c 24 58 4c
0x00007fffcf3ea413:   89 74 24 60 4c 89 7c 24 20 0f 1f 40 00 48 8b 43
0x00007fffcf3ea423:   10 4e 8b 3c e0 41 8b 47 1c 85 c0 0f 84 97 00 00
0x00007fffcf3ea433:   00 45 33 f6 8b e8 0f 1f 80 00 00 00 00 49 8b 47
0x00007fffcf3ea443:   08 49 8b 3c 06 48 85 ff 74 6d 40 f6 c7 01 75 67
0x00007fffcf3ea453:   48 83 3f fe 74 61 8b 4f 28 8b c1 c1 e8 05 3b 43
0x00007fffcf3ea463:   30 72 0f 48 8b 43 20 8b d1 48 8d 4b 20 ff 50 18
0x00007fffcf3ea473:   eb 25 83 e1 1f 41 b8 01 00 00 00 41 d3 e0 8b c8
0x00007fffcf3ea483:   48 8b 43 38 48 8d 14 88 8b 0c 88 8b c1 41 0b c0
0x00007fffcf3ea493:   89 02 41 23 c8 75 20 8b 73 18 8d 46 01 89 43 18
0x00007fffcf3ea4a3:   3b 73 08 72 0a 8b d6 48 8b cb e8 ee 23 40 00 48
0x00007fffcf3ea4b3:   8b 43 10 48 89 3c f0 49 83 c6 08 48 83 ed 01 0f
0x00007fffcf3ea4c3:   85 78 ff ff ff 8b 53 18 41 ff c4 44 3b e2 0f 82
0x00007fffcf3ea4d3:   49 ff ff ff 4c 8b 7c 24 20 4c 8b 74 24 60 48 8b
0x00007fffcf3ea4e3:   6c 24 58 48 83 c4 28 41 5c 5f 5e 5b c3 40 53 48
0x00007fffcf3ea4f3:   83 ec 20 48 8b 81 70 02 00 00 48 8b d9 48 85 c0
0x00007fffcf3ea503:   75 27 e8 96 32 00 00 48 8b d0 48 8b 48 10 48 8b
0x00007fffcf3ea513:   01 48 3b c2 74 06 83 78 38 02 74 06 48 83 c1 08
0x00007fffcf3ea523:   eb ec 48 89 83 70 02 00 00 48 83 c4 20 5b c3 cc
0x00007fffcf3ea533:   cc cc cc cc cc cc cc cc cc cc cc cc cc 48 89 5c
0x00007fffcf3ea543:   24 08 48 89 6c 24 10 48 89 74 24 18 57 41 54 41 


Stack slot to memory mapping:
stack at sp + 0 slots: 0x000000b5977fdbc0 is pointing into the stack for thread: 0x0000020158c1e800
stack at sp + 1 slots: 0x0000000000000051 is an unknown value
stack at sp + 2 slots: 0x000000b5977fdbc0 is pointing into the stack for thread: 0x0000020158c1e800
stack at sp + 3 slots: 0x00007fffcf83a210 jvm.dll
stack at sp + 4 slots: 0x000000b5977fda60 is pointing into the stack for thread: 0x0000020158c1e800
stack at sp + 5 slots: 0x00007fffcfa73a18 jvm.dll
stack at sp + 6 slots: 0x0 is NULL
stack at sp + 7 slots: 0x000000b5977fdbb0 is pointing into the stack for thread: 0x0000020158c1e800


---------------  P R O C E S S  ---------------

Threads class SMR info:
_java_thread_list=0x000002015e41fe10, length=23, elements={
0x000002013bd82800, 0x0000020158bf8800, 0x0000020158c02000, 0x0000020158c16000,
0x0000020158c17000, 0x0000020158c1a000, 0x0000020158c1e800, 0x0000020158c21000,
0x0000020158c2a000, 0x000002013be44000, 0x000002015a9fa000, 0x000002015a5bd800,
0x000002015a983800, 0x000002015a06b800, 0x000002015ea5d000, 0x000002015d6da000,
0x000002015d8b6800, 0x000002015f102800, 0x000002015d410800, 0x000002015cc2c800,
0x0000020159f4f000, 0x0000020159f50800, 0x0000020159f51800
}

Java Threads: ( => current thread )
  0x000002013bd82800 JavaThread "main" [_thread_blocked, id=2700, stack(0x000000b596b00000,0x000000b596c00000)]
  0x0000020158bf8800 JavaThread "Reference Handler" daemon [_thread_blocked, id=14140, stack(0x000000b597200000,0x000000b597300000)]
  0x0000020158c02000 JavaThread "Finalizer" daemon [_thread_blocked, id=14928, stack(0x000000b597300000,0x000000b597400000)]
  0x0000020158c16000 JavaThread "Signal Dispatcher" daemon [_thread_blocked, id=9160, stack(0x000000b597400000,0x000000b597500000)]
  0x0000020158c17000 JavaThread "Attach Listener" daemon [_thread_blocked, id=13780, stack(0x000000b597500000,0x000000b597600000)]
  0x0000020158c1a000 JavaThread "Service Thread" daemon [_thread_blocked, id=9080, stack(0x000000b597600000,0x000000b597700000)]
=>0x0000020158c1e800 JavaThread "C2 CompilerThread0" daemon [_thread_in_native, id=15004, stack(0x000000b597700000,0x000000b597800000)]
  0x0000020158c21000 JavaThread "C1 CompilerThread0" daemon [_thread_blocked, id=12864, stack(0x000000b597800000,0x000000b597900000)]
  0x0000020158c2a000 JavaThread "Sweeper thread" daemon [_thread_blocked, id=15104, stack(0x000000b597900000,0x000000b597a00000)]
  0x000002013be44000 JavaThread "Common-Cleaner" daemon [_thread_blocked, id=1992, stack(0x000000b597a00000,0x000000b597b00000)]
  0x000002015a9fa000 JavaThread "Forwarding newSession on session null to remote" [_thread_in_native, id=13332, stack(0x000000b597b00000,0x000000b597c00000)]
  0x000002015a5bd800 JavaThread "/127.0.0.1:56923 to /127.0.0.1:56920 workers Thread 2" [_thread_blocked, id=5592, stack(0x000000b598000000,0x000000b598100000)]
  0x000002015a983800 JavaThread "/127.0.0.1:56923 to /127.0.0.1:56920 workers Thread 3" [_thread_in_native, id=10016, stack(0x000000b598100000,0x000000b598200000)]
  0x000002015a06b800 JavaThread "C2 CompilerThread1" daemon [_thread_in_native, id=15984, stack(0x000000b598200000,0x000000b598300000)]
  0x000002015ea5d000 JavaThread "ForkJoinPool.commonPool-worker-3" daemon [_thread_blocked, id=10180, stack(0x000000b598500000,0x000000b598600000)]
  0x000002015d6da000 JavaThread "AsyncHttpClient-1-1" daemon [_thread_blocked, id=3808, stack(0x000000b598600000,0x000000b598700000)]
  0x000002015d8b6800 JavaThread "Exec Default Executor" daemon [_thread_in_native, id=4888, stack(0x000000b598700000,0x000000b598800000)]
  0x000002015f102800 JavaThread "Exec Stream Pumper" daemon [_thread_in_native, id=2904, stack(0x000000b598800000,0x000000b598900000)]
  0x000002015d410800 JavaThread "Exec Stream Pumper" daemon [_thread_in_native, id=1460, stack(0x000000b598900000,0x000000b598a00000)]
  0x000002015cc2c800 JavaThread "Driver Service Executor" daemon [_thread_blocked, id=4544, stack(0x000000b598a00000,0x000000b598b00000)]
  0x0000020159f4f000 JavaThread "Driver Service Executor" daemon [_thread_blocked, id=11108, stack(0x000000b598b00000,0x000000b598c00000)]
  0x0000020159f50800 JavaThread "UrlChecker-2" daemon [_thread_blocked, id=14300, stack(0x000000b598c00000,0x000000b598d00000)]
  0x0000020159f51800 JavaThread "Keep-Alive-Timer" daemon [_thread_blocked, id=14316, stack(0x000000b598d00000,0x000000b598e00000)]

Other Threads:
  0x0000020158bd2800 VMThread "VM Thread" [stack: 0x000000b597100000,0x000000b597200000] [id=8744]
  0x0000020159e38000 WatcherThread [stack: 0x000000b597c00000,0x000000b597d00000] [id=6796]
  0x000002013bd9b800 GCTaskThread "GC Thread#0" [stack: 0x000000b596c00000,0x000000b596d00000] [id=10604]
  0x0000020159e6a800 GCTaskThread "GC Thread#1" [stack: 0x000000b597d00000,0x000000b597e00000] [id=9224]
  0x0000020159b78000 GCTaskThread "GC Thread#2" [stack: 0x000000b597e00000,0x000000b597f00000] [id=2784]
  0x000002015c29c800 GCTaskThread "GC Thread#3" [stack: 0x000000b598300000,0x000000b598400000] [id=12844]
  0x000002013bdac000 ConcurrentGCThread "G1 Main Marker" [stack: 0x000000b596d00000,0x000000b596e00000] [id=13160]
  0x000002013bdae000 ConcurrentGCThread "G1 Conc#0" [stack: 0x000000b596e00000,0x000000b596f00000] [id=11592]
  0x000002013be38800 ConcurrentGCThread "G1 Refine#0" [stack: 0x000000b596f00000,0x000000b597000000] [id=12116]
  0x000002015a737800 ConcurrentGCThread "G1 Refine#1" [stack: 0x000000b598400000,0x000000b598500000] [id=12876]
  0x000002013be3a800 ConcurrentGCThread "G1 Young RemSet Sampling" [stack: 0x000000b597000000,0x000000b597100000] [id=8368]

Threads with active compile tasks:
C2 CompilerThread0    15331 3882       4       org.aspectj.weaver.bcel.LazyClassGen::<init> (555 bytes)
C2 CompilerThread1    15332 3883       4       org.aspectj.apache.bcel.generic.ClassGen::<init> (500 bytes)

VM state:not at safepoint (normal execution)

VM Mutex/Monitor currently owned by a thread: None

Heap address: 0x00000000e0000000, size: 512 MB, Compressed Oops mode: 32-bit
Narrow klass base: 0x0000000000000000, Narrow klass shift: 3
Compressed class space size: 1073741824 Address: 0x0000000100000000

Heap:
 garbage-first heap   total 131072K, used 83690K [0x00000000e0000000, 0x0000000100000000)
  region size 1024K, 38 young (38912K), 5 survivors (5120K)
 Metaspace       used 42269K, capacity 43499K, committed 43696K, reserved 1087488K
  class space    used 4754K, capacity 5251K, committed 5376K, reserved 1048576K
Heap Regions: E=young(eden), S=young(survivor), O=old, HS=humongous(starts), HC=humongous(continues), CS=collection set, F=free, A=archive, TAMS=top-at-mark-start (previous, next)
|   0|0x00000000e0000000, 0x00000000e0100000, 0x00000000e0100000|100%| O|  |TAMS 0x00000000e0100000, 0x00000000e0000000| Untracked 
|   1|0x00000000e0100000, 0x00000000e0200000, 0x00000000e0200000|100%| O|  |TAMS 0x00000000e0200000, 0x00000000e0100000| Untracked 
|   2|0x00000000e0200000, 0x00000000e0300000, 0x00000000e0300000|100%| O|  |TAMS 0x00000000e0300000, 0x00000000e0200000| Untracked 
|   3|0x00000000e0300000, 0x00000000e0400000, 0x00000000e0400000|100%| O|  |TAMS 0x00000000e0400000, 0x00000000e0300000| Untracked 
|   4|0x00000000e0400000, 0x00000000e0500000, 0x00000000e0500000|100%| O|  |TAMS 0x00000000e0500000, 0x00000000e0400000| Untracked 
|   5|0x00000000e0500000, 0x00000000e0600000, 0x00000000e0600000|100%| O|  |TAMS 0x00000000e0600000, 0x00000000e0500000| Untracked 
|   6|0x00000000e0600000, 0x00000000e0700000, 0x00000000e0700000|100%| O|  |TAMS 0x00000000e0700000, 0x00000000e0600000| Untracked 
|   7|0x00000000e0700000, 0x00000000e0800000, 0x00000000e0800000|100%| O|  |TAMS 0x00000000e0800000, 0x00000000e0700000| Untracked 
|   8|0x00000000e0800000, 0x00000000e0900000, 0x00000000e0900000|100%| O|  |TAMS 0x00000000e0900000, 0x00000000e0800000| Untracked 
|   9|0x00000000e0900000, 0x00000000e0a00000, 0x00000000e0a00000|100%| O|  |TAMS 0x00000000e0a00000, 0x00000000e0900000| Untracked 
|  10|0x00000000e0a00000, 0x00000000e0b00000, 0x00000000e0b00000|100%| O|  |TAMS 0x00000000e0b00000, 0x00000000e0a00000| Untracked 
|  11|0x00000000e0b00000, 0x00000000e0c00000, 0x00000000e0c00000|100%| O|  |TAMS 0x00000000e0c00000, 0x00000000e0b00000| Untracked 
|  12|0x00000000e0c00000, 0x00000000e0d00000, 0x00000000e0d00000|100%| O|  |TAMS 0x00000000e0d00000, 0x00000000e0c00000| Untracked 
|  13|0x00000000e0d00000, 0x00000000e0e00000, 0x00000000e0e00000|100%| O|  |TAMS 0x00000000e0e00000, 0x00000000e0d00000| Untracked 
|  14|0x00000000e0e00000, 0x00000000e0f00000, 0x00000000e0f00000|100%| O|  |TAMS 0x00000000e0f00000, 0x00000000e0e00000| Untracked 
|  15|0x00000000e0f00000, 0x00000000e1000000, 0x00000000e1000000|100%| O|  |TAMS 0x00000000e1000000, 0x00000000e0f00000| Untracked 
|  16|0x00000000e1000000, 0x00000000e1100000, 0x00000000e1100000|100%| O|  |TAMS 0x00000000e1100000, 0x00000000e1000000| Untracked 
|  17|0x00000000e1100000, 0x00000000e1200000, 0x00000000e1200000|100%| O|  |TAMS 0x00000000e1200000, 0x00000000e1100000| Untracked 
|  18|0x00000000e1200000, 0x00000000e1300000, 0x00000000e1300000|100%| O|  |TAMS 0x00000000e1300000, 0x00000000e1200000| Untracked 
|  19|0x00000000e1300000, 0x00000000e1400000, 0x00000000e1400000|100%| O|  |TAMS 0x00000000e1400000, 0x00000000e1300000| Untracked 
|  20|0x00000000e1400000, 0x00000000e1500000, 0x00000000e1500000|100%| O|  |TAMS 0x00000000e1500000, 0x00000000e1400000| Untracked 
|  21|0x00000000e1500000, 0x00000000e1600000, 0x00000000e1600000|100%| O|  |TAMS 0x00000000e1600000, 0x00000000e1500000| Untracked 
|  22|0x00000000e1600000, 0x00000000e1700000, 0x00000000e1700000|100%| O|  |TAMS 0x00000000e1700000, 0x00000000e1600000| Untracked 
|  23|0x00000000e1700000, 0x00000000e1800000, 0x00000000e1800000|100%| O|  |TAMS 0x00000000e1800000, 0x00000000e1700000| Untracked 
|  24|0x00000000e1800000, 0x00000000e1900000, 0x00000000e1900000|100%| O|  |TAMS 0x00000000e1900000, 0x00000000e1800000| Untracked 
|  25|0x00000000e1900000, 0x00000000e1a00000, 0x00000000e1a00000|100%| O|  |TAMS 0x00000000e1a00000, 0x00000000e1900000| Untracked 
|  26|0x00000000e1a00000, 0x00000000e1b00000, 0x00000000e1b00000|100%| O|  |TAMS 0x00000000e1b00000, 0x00000000e1a00000| Untracked 
|  27|0x00000000e1b00000, 0x00000000e1c00000, 0x00000000e1c00000|100%| O|  |TAMS 0x00000000e1c00000, 0x00000000e1b00000| Untracked 
|  28|0x00000000e1c00000, 0x00000000e1d00000, 0x00000000e1d00000|100%| O|  |TAMS 0x00000000e1d00000, 0x00000000e1c00000| Untracked 
|  29|0x00000000e1d00000, 0x00000000e1e00000, 0x00000000e1e00000|100%| O|  |TAMS 0x00000000e1e00000, 0x00000000e1d00000| Untracked 
|  30|0x00000000e1e00000, 0x00000000e1f00000, 0x00000000e1f00000|100%| O|  |TAMS 0x00000000e1f00000, 0x00000000e1e00000| Untracked 
|  31|0x00000000e1f00000, 0x00000000e2000000, 0x00000000e2000000|100%| O|  |TAMS 0x00000000e2000000, 0x00000000e1f00000| Untracked 
|  32|0x00000000e2000000, 0x00000000e2100000, 0x00000000e2100000|100%| O|  |TAMS 0x00000000e2100000, 0x00000000e2000000| Untracked 
|  33|0x00000000e2100000, 0x00000000e2200000, 0x00000000e2200000|100%| O|  |TAMS 0x00000000e2200000, 0x00000000e2100000| Untracked 
|  34|0x00000000e2200000, 0x00000000e2300000, 0x00000000e2300000|100%| O|  |TAMS 0x00000000e2300000, 0x00000000e2200000| Untracked 
|  35|0x00000000e2300000, 0x00000000e2400000, 0x00000000e2400000|100%| O|  |TAMS 0x00000000e2300000, 0x00000000e2300000| Untracked 
|  36|0x00000000e2400000, 0x00000000e2500000, 0x00000000e2500000|100%| O|  |TAMS 0x00000000e2400000, 0x00000000e2400000| Untracked 
|  37|0x00000000e2500000, 0x00000000e2600000, 0x00000000e2600000|100%| O|  |TAMS 0x00000000e2500000, 0x00000000e2500000| Untracked 
|  38|0x00000000e2600000, 0x00000000e2700000, 0x00000000e2700000|100%| O|  |TAMS 0x00000000e2600000, 0x00000000e2600000| Untracked 
|  39|0x00000000e2700000, 0x00000000e2800000, 0x00000000e2800000|100%| O|  |TAMS 0x00000000e2700000, 0x00000000e2700000| Untracked 
|  40|0x00000000e2800000, 0x00000000e2900000, 0x00000000e2900000|100%| O|  |TAMS 0x00000000e2800000, 0x00000000e2800000| Untracked 
|  41|0x00000000e2900000, 0x00000000e2a00000, 0x00000000e2a00000|100%| O|  |TAMS 0x00000000e2900000, 0x00000000e2900000| Untracked 
|  42|0x00000000e2a00000, 0x00000000e2b00000, 0x00000000e2b00000|100%| O|  |TAMS 0x00000000e2a00000, 0x00000000e2a00000| Untracked 
|  43|0x00000000e2b00000, 0x00000000e2c00000, 0x00000000e2c00000|100%| O|  |TAMS 0x00000000e2b00000, 0x00000000e2b00000| Untracked 
|  44|0x00000000e2c00000, 0x00000000e2d00000, 0x00000000e2d00000|100%| O|  |TAMS 0x00000000e2c00000, 0x00000000e2c00000| Untracked 
|  45|0x00000000e2d00000, 0x00000000e2d5e800, 0x00000000e2e00000| 36%| O|  |TAMS 0x00000000e2d00000, 0x00000000e2d00000| Untracked 
|  46|0x00000000e2e00000, 0x00000000e2e00000, 0x00000000e2f00000|  0%| F|  |TAMS 0x00000000e2e00000, 0x00000000e2e00000| Untracked 
|  47|0x00000000e2f00000, 0x00000000e2f00000, 0x00000000e3000000|  0%| F|  |TAMS 0x00000000e2f00000, 0x00000000e2f00000| Untracked 
|  48|0x00000000e3000000, 0x00000000e3000000, 0x00000000e3100000|  0%| F|  |TAMS 0x00000000e3000000, 0x00000000e3000000| Untracked 
|  49|0x00000000e3100000, 0x00000000e3100000, 0x00000000e3200000|  0%| F|  |TAMS 0x00000000e3100000, 0x00000000e3100000| Untracked 
|  50|0x00000000e3200000, 0x00000000e3200000, 0x00000000e3300000|  0%| F|  |TAMS 0x00000000e3200000, 0x00000000e3200000| Untracked 
|  51|0x00000000e3300000, 0x00000000e3300000, 0x00000000e3400000|  0%| F|  |TAMS 0x00000000e3300000, 0x00000000e3300000| Untracked 
|  52|0x00000000e3400000, 0x00000000e3400000, 0x00000000e3500000|  0%| F|  |TAMS 0x00000000e3400000, 0x00000000e3400000| Untracked 
|  53|0x00000000e3500000, 0x00000000e3500000, 0x00000000e3600000|  0%| F|  |TAMS 0x00000000e3500000, 0x00000000e3500000| Untracked 
|  54|0x00000000e3600000, 0x00000000e3600000, 0x00000000e3700000|  0%| F|  |TAMS 0x00000000e3600000, 0x00000000e3600000| Untracked 
|  55|0x00000000e3700000, 0x00000000e3700000, 0x00000000e3800000|  0%| F|  |TAMS 0x00000000e3700000, 0x00000000e3700000| Untracked 
|  56|0x00000000e3800000, 0x00000000e3800000, 0x00000000e3900000|  0%| F|  |TAMS 0x00000000e3800000, 0x00000000e3800000| Untracked 
|  57|0x00000000e3900000, 0x00000000e3900000, 0x00000000e3a00000|  0%| F|  |TAMS 0x00000000e3900000, 0x00000000e3900000| Untracked 
|  58|0x00000000e3a00000, 0x00000000e3a00000, 0x00000000e3b00000|  0%| F|  |TAMS 0x00000000e3a00000, 0x00000000e3a00000| Untracked 
|  59|0x00000000e3b00000, 0x00000000e3b00000, 0x00000000e3c00000|  0%| F|  |TAMS 0x00000000e3b00000, 0x00000000e3b00000| Untracked 
|  60|0x00000000e3c00000, 0x00000000e3c00000, 0x00000000e3d00000|  0%| F|  |TAMS 0x00000000e3c00000, 0x00000000e3c00000| Untracked 
|  61|0x00000000e3d00000, 0x00000000e3d00000, 0x00000000e3e00000|  0%| F|  |TAMS 0x00000000e3d00000, 0x00000000e3d00000| Untracked 
|  62|0x00000000e3e00000, 0x00000000e3e00000, 0x00000000e3f00000|  0%| F|  |TAMS 0x00000000e3e00000, 0x00000000e3e00000| Untracked 
|  63|0x00000000e3f00000, 0x00000000e3f00000, 0x00000000e4000000|  0%| F|  |TAMS 0x00000000e3f00000, 0x00000000e3f00000| Untracked 
|  64|0x00000000e4000000, 0x00000000e4000000, 0x00000000e4100000|  0%| F|  |TAMS 0x00000000e4000000, 0x00000000e4000000| Untracked 
|  65|0x00000000e4100000, 0x00000000e4100000, 0x00000000e4200000|  0%| F|  |TAMS 0x00000000e4100000, 0x00000000e4100000| Untracked 
|  66|0x00000000e4200000, 0x00000000e4200000, 0x00000000e4300000|  0%| F|  |TAMS 0x00000000e4200000, 0x00000000e4200000| Untracked 
|  67|0x00000000e4300000, 0x00000000e4300000, 0x00000000e4400000|  0%| F|  |TAMS 0x00000000e4300000, 0x00000000e4300000| Untracked 
|  68|0x00000000e4400000, 0x00000000e4400000, 0x00000000e4500000|  0%| F|  |TAMS 0x00000000e4400000, 0x00000000e4400000| Untracked 
|  69|0x00000000e4500000, 0x00000000e455c1a8, 0x00000000e4600000| 35%| S|CS|TAMS 0x00000000e4500000, 0x00000000e4500000| Complete 
|  70|0x00000000e4600000, 0x00000000e4700000, 0x00000000e4700000|100%| S|CS|TAMS 0x00000000e4600000, 0x00000000e4600000| Complete 
|  71|0x00000000e4700000, 0x00000000e4800000, 0x00000000e4800000|100%| S|CS|TAMS 0x00000000e4700000, 0x00000000e4700000| Complete 
|  72|0x00000000e4800000, 0x00000000e4800000, 0x00000000e4900000|  0%| F|  |TAMS 0x00000000e4800000, 0x00000000e4800000| Untracked 
|  73|0x00000000e4900000, 0x00000000e4900000, 0x00000000e4a00000|  0%| F|  |TAMS 0x00000000e4900000, 0x00000000e4900000| Untracked 
|  74|0x00000000e4a00000, 0x00000000e4a00000, 0x00000000e4b00000|  0%| F|  |TAMS 0x00000000e4a00000, 0x00000000e4a00000| Untracked 
|  75|0x00000000e4b00000, 0x00000000e4c00000, 0x00000000e4c00000|100%| S|CS|TAMS 0x00000000e4b00000, 0x00000000e4b00000| Complete 
|  76|0x00000000e4c00000, 0x00000000e4d00000, 0x00000000e4d00000|100%| S|CS|TAMS 0x00000000e4c00000, 0x00000000e4c00000| Complete 
|  77|0x00000000e4d00000, 0x00000000e4d00000, 0x00000000e4e00000|  0%| F|  |TAMS 0x00000000e4d00000, 0x00000000e4d00000| Untracked 
|  78|0x00000000e4e00000, 0x00000000e4e00000, 0x00000000e4f00000|  0%| F|  |TAMS 0x00000000e4e00000, 0x00000000e4e00000| Untracked 
|  79|0x00000000e4f00000, 0x00000000e4f00000, 0x00000000e5000000|  0%| F|  |TAMS 0x00000000e4f00000, 0x00000000e4f00000| Untracked 
|  80|0x00000000e5000000, 0x00000000e5000000, 0x00000000e5100000|  0%| F|  |TAMS 0x00000000e5000000, 0x00000000e5000000| Untracked 
|  81|0x00000000e5100000, 0x00000000e5100000, 0x00000000e5200000|  0%| F|  |TAMS 0x00000000e5100000, 0x00000000e5100000| Untracked 
|  82|0x00000000e5200000, 0x00000000e5200000, 0x00000000e5300000|  0%| F|  |TAMS 0x00000000e5200000, 0x00000000e5200000| Untracked 
|  83|0x00000000e5300000, 0x00000000e5300000, 0x00000000e5400000|  0%| F|  |TAMS 0x00000000e5300000, 0x00000000e5300000| Untracked 
|  84|0x00000000e5400000, 0x00000000e5400000, 0x00000000e5500000|  0%| F|  |TAMS 0x00000000e5400000, 0x00000000e5400000| Untracked 
|  85|0x00000000e5500000, 0x00000000e5500000, 0x00000000e5600000|  0%| F|  |TAMS 0x00000000e5500000, 0x00000000e5500000| Untracked 
|  86|0x00000000e5600000, 0x00000000e5600000, 0x00000000e5700000|  0%| F|  |TAMS 0x00000000e5600000, 0x00000000e5600000| Untracked 
|  87|0x00000000e5700000, 0x00000000e5700000, 0x00000000e5800000|  0%| F|  |TAMS 0x00000000e5700000, 0x00000000e5700000| Untracked 
|  88|0x00000000e5800000, 0x00000000e5800000, 0x00000000e5900000|  0%| F|  |TAMS 0x00000000e5800000, 0x00000000e5800000| Untracked 
|  89|0x00000000e5900000, 0x00000000e5900000, 0x00000000e5a00000|  0%| F|  |TAMS 0x00000000e5900000, 0x00000000e5900000| Untracked 
|  90|0x00000000e5a00000, 0x00000000e5a00000, 0x00000000e5b00000|  0%| F|  |TAMS 0x00000000e5a00000, 0x00000000e5a00000| Untracked 
|  91|0x00000000e5b00000, 0x00000000e5b00000, 0x00000000e5c00000|  0%| F|  |TAMS 0x00000000e5b00000, 0x00000000e5b00000| Untracked 
|  92|0x00000000e5c00000, 0x00000000e5c00000, 0x00000000e5d00000|  0%| F|  |TAMS 0x00000000e5c00000, 0x00000000e5c00000| Untracked 
|  93|0x00000000e5d00000, 0x00000000e5d00000, 0x00000000e5e00000|  0%| F|  |TAMS 0x00000000e5d00000, 0x00000000e5d00000| Untracked 
|  94|0x00000000e5e00000, 0x00000000e5e00000, 0x00000000e5f00000|  0%| F|  |TAMS 0x00000000e5e00000, 0x00000000e5e00000| Untracked 
|  95|0x00000000e5f00000, 0x00000000e5f80800, 0x00000000e6000000| 50%| E|  |TAMS 0x00000000e5f00000, 0x00000000e5f00000| Complete 
|  96|0x00000000e6000000, 0x00000000e6100000, 0x00000000e6100000|100%| E|CS|TAMS 0x00000000e6000000, 0x00000000e6000000| Complete 
|  97|0x00000000e6100000, 0x00000000e6200000, 0x00000000e6200000|100%| E|CS|TAMS 0x00000000e6100000, 0x00000000e6100000| Complete 
|  98|0x00000000e6200000, 0x00000000e6300000, 0x00000000e6300000|100%| E|CS|TAMS 0x00000000e6200000, 0x00000000e6200000| Complete 
|  99|0x00000000e6300000, 0x00000000e6400000, 0x00000000e6400000|100%| E|CS|TAMS 0x00000000e6300000, 0x00000000e6300000| Complete 
| 100|0x00000000e6400000, 0x00000000e6500000, 0x00000000e6500000|100%| E|CS|TAMS 0x00000000e6400000, 0x00000000e6400000| Complete 
| 101|0x00000000e6500000, 0x00000000e6600000, 0x00000000e6600000|100%| E|CS|TAMS 0x00000000e6500000, 0x00000000e6500000| Complete 
| 102|0x00000000e6600000, 0x00000000e6700000, 0x00000000e6700000|100%| E|CS|TAMS 0x00000000e6600000, 0x00000000e6600000| Complete 
| 103|0x00000000e6700000, 0x00000000e6800000, 0x00000000e6800000|100%| E|CS|TAMS 0x00000000e6700000, 0x00000000e6700000| Complete 
| 104|0x00000000e6800000, 0x00000000e6900000, 0x00000000e6900000|100%| E|CS|TAMS 0x00000000e6800000, 0x00000000e6800000| Complete 
| 105|0x00000000e6900000, 0x00000000e6a00000, 0x00000000e6a00000|100%| E|CS|TAMS 0x00000000e6900000, 0x00000000e6900000| Complete 
| 106|0x00000000e6a00000, 0x00000000e6b00000, 0x00000000e6b00000|100%| E|CS|TAMS 0x00000000e6a00000, 0x00000000e6a00000| Complete 
| 107|0x00000000e6b00000, 0x00000000e6c00000, 0x00000000e6c00000|100%| E|CS|TAMS 0x00000000e6b00000, 0x00000000e6b00000| Complete 
| 108|0x00000000e6c00000, 0x00000000e6d00000, 0x00000000e6d00000|100%| E|CS|TAMS 0x00000000e6c00000, 0x00000000e6c00000| Complete 
| 109|0x00000000e6d00000, 0x00000000e6e00000, 0x00000000e6e00000|100%| E|CS|TAMS 0x00000000e6d00000, 0x00000000e6d00000| Complete 
| 110|0x00000000e6e00000, 0x00000000e6f00000, 0x00000000e6f00000|100%| E|CS|TAMS 0x00000000e6e00000, 0x00000000e6e00000| Complete 
| 111|0x00000000e6f00000, 0x00000000e7000000, 0x00000000e7000000|100%| E|CS|TAMS 0x00000000e6f00000, 0x00000000e6f00000| Complete 
| 112|0x00000000e7000000, 0x00000000e7100000, 0x00000000e7100000|100%| E|CS|TAMS 0x00000000e7000000, 0x00000000e7000000| Complete 
| 113|0x00000000e7100000, 0x00000000e7200000, 0x00000000e7200000|100%| E|CS|TAMS 0x00000000e7100000, 0x00000000e7100000| Complete 
| 114|0x00000000e7200000, 0x00000000e7300000, 0x00000000e7300000|100%| E|CS|TAMS 0x00000000e7200000, 0x00000000e7200000| Complete 
| 115|0x00000000e7300000, 0x00000000e7400000, 0x00000000e7400000|100%| E|CS|TAMS 0x00000000e7300000, 0x00000000e7300000| Complete 
| 116|0x00000000e7400000, 0x00000000e7500000, 0x00000000e7500000|100%| E|CS|TAMS 0x00000000e7400000, 0x00000000e7400000| Complete 
| 117|0x00000000e7500000, 0x00000000e7600000, 0x00000000e7600000|100%| E|CS|TAMS 0x00000000e7500000, 0x00000000e7500000| Complete 
| 118|0x00000000e7600000, 0x00000000e7700000, 0x00000000e7700000|100%| E|CS|TAMS 0x00000000e7600000, 0x00000000e7600000| Complete 
| 119|0x00000000e7700000, 0x00000000e7800000, 0x00000000e7800000|100%| E|CS|TAMS 0x00000000e7700000, 0x00000000e7700000| Complete 
| 120|0x00000000e7800000, 0x00000000e7900000, 0x00000000e7900000|100%| E|CS|TAMS 0x00000000e7800000, 0x00000000e7800000| Complete 
| 121|0x00000000e7900000, 0x00000000e7a00000, 0x00000000e7a00000|100%| E|CS|TAMS 0x00000000e7900000, 0x00000000e7900000| Complete 
| 122|0x00000000e7a00000, 0x00000000e7b00000, 0x00000000e7b00000|100%| E|CS|TAMS 0x00000000e7a00000, 0x00000000e7a00000| Complete 
| 123|0x00000000e7b00000, 0x00000000e7c00000, 0x00000000e7c00000|100%| E|CS|TAMS 0x00000000e7b00000, 0x00000000e7b00000| Complete 
| 124|0x00000000e7c00000, 0x00000000e7d00000, 0x00000000e7d00000|100%| E|CS|TAMS 0x00000000e7c00000, 0x00000000e7c00000| Complete 
| 125|0x00000000e7d00000, 0x00000000e7e00000, 0x00000000e7e00000|100%| E|CS|TAMS 0x00000000e7d00000, 0x00000000e7d00000| Complete 
| 126|0x00000000e7e00000, 0x00000000e7f00000, 0x00000000e7f00000|100%| E|CS|TAMS 0x00000000e7e00000, 0x00000000e7e00000| Complete 
| 127|0x00000000e7f00000, 0x00000000e8000000, 0x00000000e8000000|100%| E|CS|TAMS 0x00000000e7f00000, 0x00000000e7f00000| Complete 

Card table byte_map: [0x00000201553f0000,0x00000201554f0000] _byte_map_base: 0x0000020154cf0000

Marking Bits (Prev, Next): (CMBitMap*) 0x000002013bda9018, (CMBitMap*) 0x000002013bda9050
 Prev Bits: [0x00000201555f0000, 0x0000020155df0000)
 Next Bits: [0x0000020155df0000, 0x00000201565f0000)

Polling page: 0x000002013be50000

Metaspace:

Usage:
  Non-class:     37.35 MB capacity,    36.64 MB ( 98%) used,   597.74 KB (  2%) free+waste,   135.44 KB ( <1%) overhead. 
      Class:      5.13 MB capacity,     4.64 MB ( 91%) used,   431.54 KB (  8%) free+waste,    64.94 KB (  1%) overhead. 
       Both:     42.48 MB capacity,    41.28 MB ( 97%) used,     1.01 MB (  2%) free+waste,   200.38 KB ( <1%) overhead. 

Virtual space:
  Non-class space:       38.00 MB reserved,      37.42 MB ( 98%) committed 
      Class space:        1.00 GB reserved,       5.25 MB ( <1%) committed 
             Both:        1.04 GB reserved,      42.67 MB (  4%) committed 

Chunk freelists:
   Non-Class:  8.00 KB
       Class:  29.00 KB
        Both:  37.00 KB

MaxMetaspaceSize: 17179869184.00 GB
CompressedClassSpaceSize: 1.00 GB
Initial GC threshold: 20.80 MB
Current GC threshold: 58.83 MB
CDS: off

CodeHeap 'non-profiled nmethods': size=120064Kb used=2838Kb max_used=2838Kb free=117225Kb
 bounds [0x000002014d780000, 0x000002014da50000, 0x0000020154cc0000]
CodeHeap 'profiled nmethods': size=120000Kb used=8688Kb max_used=8688Kb free=111311Kb
 bounds [0x0000020146250000, 0x0000020146ad0000, 0x000002014d780000]
CodeHeap 'non-nmethods': size=5696Kb used=1277Kb max_used=1308Kb free=4418Kb
 bounds [0x0000020145cc0000, 0x0000020145f30000, 0x0000020146250000]
 total_blobs=4383 nmethods=3817 adapters=478
 compilation: enabled
              stopped_count=0, restarted_count=0
 full_count=0

Compilation events (20 events):
Event: 14.856 Thread 0x0000020158c1e800 nmethod 3790 0x000002014da30410 code [0x000002014da30820, 0x000002014da34c50]
Event: 14.857 Thread 0x0000020158c1e800 3800   !   4       java.util.ArrayList::batchRemove (184 bytes)
Event: 14.878 Thread 0x0000020158c1e800 nmethod 3800 0x000002014da37b10 code [0x000002014da37d00, 0x000002014da386d0]
Event: 14.878 Thread 0x0000020158c1e800 3878       4       org.aspectj.apache.bcel.classfile.ClassParser::readMethods (65 bytes)
Event: 14.915 Thread 0x0000020158c1e800 nmethod 3878 0x000002014da38c90 code [0x000002014da38ea0, 0x000002014da39ce8]
Event: 14.915 Thread 0x0000020158c1e800 3869       4       java.lang.Class::getName (18 bytes)
Event: 14.916 Thread 0x0000020158c1e800 nmethod 3869 0x000002014da3a410 code [0x000002014da3a5a0, 0x000002014da3a628]
Event: 14.916 Thread 0x0000020158c1e800 3818       4       org.aspectj.apache.bcel.generic.InstructionList::findHandle (15 bytes)
Event: 14.920 Thread 0x0000020158c1e800 nmethod 3818 0x000002014da3a710 code [0x000002014da3a8a0, 0x000002014da3aa38]
Event: 14.920 Thread 0x0000020158c1e800 3837       4       org.aspectj.apache.bcel.classfile.LocalVariable::getSignature (21 bytes)
Event: 14.922 Thread 0x0000020158c1e800 nmethod 3837 0x000002014da3ac10 code [0x000002014da3adc0, 0x000002014da3aed8]
Event: 14.923 Thread 0x0000020158c1e800 3881   !   4       java.util.zip.Inflater::inflate (418 bytes)
Event: 14.933 Thread 0x0000020158c21000 3884       2       io.netty.util.AsciiString::c2b (15 bytes)
Event: 14.933 Thread 0x0000020158c21000 nmethod 3884 0x0000020146ac3510 code [0x0000020146ac36c0, 0x0000020146ac37b8]
Event: 14.934 Thread 0x0000020158c1e800 nmethod 3881 0x000002014da3b090 code [0x000002014da3b260, 0x000002014da3b9d8]
Event: 14.934 Thread 0x0000020158c1e800 3882       4       org.aspectj.weaver.bcel.LazyClassGen::<init> (555 bytes)
Event: 14.940 Thread 0x0000020158c21000 3885       3       java.util.BitSet::set (58 bytes)
Event: 14.941 Thread 0x0000020158c21000 nmethod 3885 0x0000020146ac3890 code [0x0000020146ac3b20, 0x0000020146ac4578]
Event: 14.941 Thread 0x0000020158c21000 3886       3       java.util.BitSet::expandTo (23 bytes)
Event: 14.942 Thread 0x0000020158c21000 nmethod 3886 0x0000020146ac4990 code [0x0000020146ac4b40, 0x0000020146ac4cc8]

GC Heap History (20 events):
Event: 2.020 GC heap before
{Heap before GC invocations=2 (full 0):
 garbage-first heap   total 131072K, used 34056K [0x00000000e0000000, 0x0000000100000000)
  region size 1024K, 28 young (28672K), 1 survivors (1024K)
 Metaspace       used 14498K, capacity 14773K, committed 15104K, reserved 1062912K
  class space    used 1388K, capacity 1457K, committed 1536K, reserved 1048576K
}
Event: 2.024 GC heap after
{Heap after GC invocations=3 (full 0):
 garbage-first heap   total 131072K, used 8777K [0x00000000e0000000, 0x0000000100000000)
  region size 1024K, 3 young (3072K), 3 survivors (3072K)
 Metaspace       used 14498K, capacity 14773K, committed 15104K, reserved 1062912K
  class space    used 1388K, capacity 1457K, committed 1536K, reserved 1048576K
}
Event: 3.664 GC heap before
{Heap before GC invocations=3 (full 0):
 garbage-first heap   total 131072K, used 52809K [0x00000000e0000000, 0x0000000100000000)
  region size 1024K, 46 young (47104K), 3 survivors (3072K)
 Metaspace       used 19130K, capacity 19502K, committed 19712K, reserved 1067008K
  class space    used 1888K, capacity 2007K, committed 2048K, reserved 1048576K
}
Event: 3.684 GC heap after
{Heap after GC invocations=4 (full 0):
 garbage-first heap   total 131072K, used 15708K [0x00000000e0000000, 0x0000000100000000)
  region size 1024K, 6 young (6144K), 6 survivors (6144K)
 Metaspace       used 19130K, capacity 19502K, committed 19712K, reserved 1067008K
  class space    used 1888K, capacity 2007K, committed 2048K, reserved 1048576K
}
Event: 4.525 GC heap before
{Heap before GC invocations=4 (full 0):
 garbage-first heap   total 131072K, used 54620K [0x00000000e0000000, 0x0000000100000000)
  region size 1024K, 45 young (46080K), 6 survivors (6144K)
 Metaspace       used 20850K, capacity 21169K, committed 21296K, reserved 1069056K
  class space    used 2024K, capacity 2136K, committed 2176K, reserved 1048576K
}
Event: 4.543 GC heap after
{Heap after GC invocations=5 (full 0):
 garbage-first heap   total 131072K, used 19788K [0x00000000e0000000, 0x0000000100000000)
  region size 1024K, 8 young (8192K), 8 survivors (8192K)
 Metaspace       used 20850K, capacity 21169K, committed 21296K, reserved 1069056K
  class space    used 2024K, capacity 2136K, committed 2176K, reserved 1048576K
}
Event: 5.570 GC heap before
{Heap before GC invocations=6 (full 0):
 garbage-first heap   total 131072K, used 72012K [0x00000000e0000000, 0x0000000100000000)
  region size 1024K, 59 young (60416K), 8 survivors (8192K)
 Metaspace       used 22756K, capacity 23087K, committed 23344K, reserved 1071104K
  class space    used 2255K, capacity 2350K, committed 2432K, reserved 1048576K
}
Event: 5.589 GC heap after
{Heap after GC invocations=7 (full 0):
 garbage-first heap   total 131072K, used 23868K [0x00000000e0000000, 0x0000000100000000)
  region size 1024K, 8 young (8192K), 8 survivors (8192K)
 Metaspace       used 22756K, capacity 23087K, committed 23344K, reserved 1071104K
  class space    used 2255K, capacity 2350K, committed 2432K, reserved 1048576K
}
Event: 7.433 GC heap before
{Heap before GC invocations=7 (full 0):
 garbage-first heap   total 131072K, used 83260K [0x00000000e0000000, 0x0000000100000000)
  region size 1024K, 66 young (67584K), 8 survivors (8192K)
 Metaspace       used 26911K, capacity 27805K, committed 27952K, reserved 1075200K
  class space    used 2852K, capacity 3189K, committed 3200K, reserved 1048576K
}
Event: 7.457 GC heap after
{Heap after GC invocations=8 (full 0):
 garbage-first heap   total 131072K, used 29015K [0x00000000e0000000, 0x0000000100000000)
  region size 1024K, 9 young (9216K), 9 survivors (9216K)
 Metaspace       used 26911K, capacity 27805K, committed 27952K, reserved 1075200K
  class space    used 2852K, capacity 3189K, committed 3200K, reserved 1048576K
}
Event: 8.773 GC heap before
{Heap before GC invocations=8 (full 0):
 garbage-first heap   total 131072K, used 92503K [0x00000000e0000000, 0x0000000100000000)
  region size 1024K, 71 young (72704K), 9 survivors (9216K)
 Metaspace       used 31064K, capacity 32000K, committed 32048K, reserved 1077248K
  class space    used 3314K, capacity 3712K, committed 3712K, reserved 1048576K
}
Event: 8.801 GC heap after
{Heap after GC invocations=9 (full 0):
 garbage-first heap   total 131072K, used 35817K [0x00000000e0000000, 0x0000000100000000)
  region size 1024K, 7 young (7168K), 7 survivors (7168K)
 Metaspace       used 31064K, capacity 32000K, committed 32048K, reserved 1077248K
  class space    used 3314K, capacity 3712K, committed 3712K, reserved 1048576K
}
Event: 11.871 GC heap before
{Heap before GC invocations=9 (full 0):
 garbage-first heap   total 131072K, used 62441K [0x00000000e0000000, 0x0000000100000000)
  region size 1024K, 34 young (34816K), 7 survivors (7168K)
 Metaspace       used 34925K, capacity 35809K, committed 35888K, reserved 1081344K
  class space    used 3792K, capacity 4173K, committed 4224K, reserved 1048576K
}
Event: 11.893 GC heap after
{Heap after GC invocations=10 (full 0):
 garbage-first heap   total 131072K, used 38572K [0x00000000e0000000, 0x0000000100000000)
  region size 1024K, 3 young (3072K), 3 survivors (3072K)
 Metaspace       used 34925K, capacity 35809K, committed 35888K, reserved 1081344K
  class space    used 3792K, capacity 4173K, committed 4224K, reserved 1048576K
}
Event: 12.804 GC heap before
{Heap before GC invocations=11 (full 0):
 garbage-first heap   total 131072K, used 92844K [0x00000000e0000000, 0x0000000100000000)
  region size 1024K, 56 young (57344K), 3 survivors (3072K)
 Metaspace       used 36635K, capacity 37579K, committed 37680K, reserved 1083392K
  class space    used 4016K, capacity 4404K, committed 4480K, reserved 1048576K
}
Event: 12.819 GC heap after
{Heap after GC invocations=12 (full 0):
 garbage-first heap   total 131072K, used 41984K [0x00000000e0000000, 0x0000000100000000)
  region size 1024K, 6 young (6144K), 6 survivors (6144K)
 Metaspace       used 36635K, capacity 37579K, committed 37680K, reserved 1083392K
  class space    used 4016K, capacity 4404K, committed 4480K, reserved 1048576K
}
Event: 13.522 GC heap before
{Heap before GC invocations=12 (full 0):
 garbage-first heap   total 131072K, used 96256K [0x00000000e0000000, 0x0000000100000000)
  region size 1024K, 59 young (60416K), 6 survivors (6144K)
 Metaspace       used 38363K, capacity 39352K, committed 39472K, reserved 1083392K
  class space    used 4248K, capacity 4631K, committed 4736K, reserved 1048576K
}
Event: 13.541 GC heap after
{Heap after GC invocations=13 (full 0):
 garbage-first heap   total 131072K, used 46244K [0x00000000e0000000, 0x0000000100000000)
  region size 1024K, 8 young (8192K), 8 survivors (8192K)
 Metaspace       used 38363K, capacity 39352K, committed 39472K, reserved 1083392K
  class space    used 4248K, capacity 4631K, committed 4736K, reserved 1048576K
}
Event: 14.637 GC heap before
{Heap before GC invocations=13 (full 0):
 garbage-first heap   total 131072K, used 98468K [0x00000000e0000000, 0x0000000100000000)
  region size 1024K, 59 young (60416K), 8 survivors (8192K)
 Metaspace       used 41021K, capacity 42255K, committed 42416K, reserved 1087488K
  class space    used 4595K, capacity 5068K, committed 5120K, reserved 1048576K
}
Event: 14.655 GC heap after
{Heap after GC invocations=14 (full 0):
 garbage-first heap   total 131072K, used 50922K [0x00000000e0000000, 0x0000000100000000)
  region size 1024K, 5 young (5120K), 5 survivors (5120K)
 Metaspace       used 41021K, capacity 42255K, committed 42416K, reserved 1087488K
  class space    used 4595K, capacity 5068K, committed 5120K, reserved 1048576K
}

Deoptimization events (20 events):
Event: 14.072 Thread 0x0000020159f50800 DEOPT PACKING pc=0x000002014d90f034 sp=0x000000b598cfde00
Event: 14.072 Thread 0x0000020159f50800 DEOPT UNPACKING pc=0x0000020145d0a1af sp=0x000000b598cfdd58 mode 2
Event: 14.168 Thread 0x000002015f102800 Uncommon trap: trap_request=0xffffffde fr.pc=0x000002014d90f034 relative=0x0000000000000c94
Event: 14.168 Thread 0x000002015f102800 Uncommon trap: reason=class_check action=maybe_recompile pc=0x000002014d90f034 method=java.lang.ThreadLocal.setInitialValue()Ljava/lang/Object; @ 31 c2
Event: 14.168 Thread 0x000002015f102800 DEOPT PACKING pc=0x000002014d90f034 sp=0x000000b5988fee10
Event: 14.168 Thread 0x000002015f102800 DEOPT UNPACKING pc=0x0000020145d0a1af sp=0x000000b5988fed68 mode 2
Event: 14.368 Thread 0x000002015a9fa000 Uncommon trap: trap_request=0xffffff4d fr.pc=0x000002014d8f7a6c relative=0x000000000000044c
Event: 14.368 Thread 0x000002015a9fa000 Uncommon trap: reason=unstable_if action=reinterpret pc=0x000002014d8f7a6c method=jdk.internal.org.objectweb.asm.Type.getArgumentsAndReturnSizes(Ljava/lang/String;)I @ 41 c2
Event: 14.368 Thread 0x000002015a9fa000 DEOPT PACKING pc=0x000002014d8f7a6c sp=0x000000b597bf8270
Event: 14.369 Thread 0x000002015a9fa000 DEOPT UNPACKING pc=0x0000020145d0a1af sp=0x000000b597bf8200 mode 2
Event: 14.481 Thread 0x000002015a9fa000 DEOPT PACKING pc=0x00000201466f13ea sp=0x000000b597bf0d90
Event: 14.481 Thread 0x000002015a9fa000 DEOPT UNPACKING pc=0x0000020145d0a95e sp=0x000000b597bf04c8 mode 0
Event: 14.556 Thread 0x000002015a9fa000 Uncommon trap: trap_request=0xffffff4d fr.pc=0x000002014d918aa0 relative=0x0000000000000080
Event: 14.556 Thread 0x000002015a9fa000 Uncommon trap: reason=unstable_if action=reinterpret pc=0x000002014d918aa0 method=java.lang.CharacterDataLatin1.isWhitespace(I)Z @ 14 c2
Event: 14.556 Thread 0x000002015a9fa000 DEOPT PACKING pc=0x000002014d918aa0 sp=0x000000b597bf97b0
Event: 14.556 Thread 0x000002015a9fa000 DEOPT UNPACKING pc=0x0000020145d0a1af sp=0x000000b597bf9720 mode 2
Event: 14.666 Thread 0x000002015a9fa000 DEOPT PACKING pc=0x00000201466f13ea sp=0x000000b597bf3620
Event: 14.666 Thread 0x000002015a9fa000 DEOPT UNPACKING pc=0x0000020145d0a95e sp=0x000000b597bf2d58 mode 0
Event: 14.791 Thread 0x000002015a9fa000 DEOPT PACKING pc=0x00000201466f13ea sp=0x000000b597bf54e0
Event: 14.791 Thread 0x000002015a9fa000 DEOPT UNPACKING pc=0x0000020145d0a95e sp=0x000000b597bf4c18 mode 0

Classes redefined (0 events):
No events

Internal exceptions (20 events):
Event: 9.947 Thread 0x000002015a9fa000 Exception <a 'java/lang/NoSuchMethodError'{0x00000000e68e7e50}: 'java.lang.Object java.lang.invoke.DirectMethodHandle$Holder.invokeStatic(java.lang.Object, java.lang.Object, long)'> (0x00000000e68e7e50) thrown at [s\src\hotspot\share\interpreter\linkResolver.cpp, line 773]
Event: 9.948 Thread 0x000002015a9fa000 Exception <a 'java/lang/NoSuchMethodError'{0x00000000e68ee918}: 'java.lang.Object java.lang.invoke.Invokers$Holder.linkToTargetMethod(java.lang.Object, long, java.lang.Object)'> (0x00000000e68ee918) thrown at [s\src\hotspot\share\interpreter\linkResolver.cpp, line 773]
Event: 11.922 Thread 0x000002015a9fa000 Exception <a 'java/lang/NoSuchMethodError'{0x00000000e7e51800}: 'void java.lang.invoke.DirectMethodHandle$Holder.invokeVirtual(java.lang.Object, java.lang.Object)'> (0x00000000e7e51800) thrown at [s\src\hotspot\share\interpreter\linkResolver.cpp, line 773]
Event: 11.925 Thread 0x000002015a9fa000 Exception <a 'java/lang/NoSuchMethodError'{0x00000000e7e59e60}: 'int java.lang.invoke.DirectMethodHandle$Holder.invokeStatic(java.lang.Object, java.lang.Object, int, java.lang.Object)'> (0x00000000e7e59e60) thrown at [s\src\hotspot\share\interpreter\linkResolver.cpp, line 773]
Event: 11.926 Thread 0x000002015a9fa000 Exception <a 'java/lang/IncompatibleClassChangeError'{0x00000000e7e60ee8}: Found class java.lang.Object, but interface was expected> (0x00000000e7e60ee8) thrown at [s\src\hotspot\share\interpreter\linkResolver.cpp, line 839]
Event: 11.967 Thread 0x000002015a9fa000 Exception <a 'java/lang/NoSuchMethodError'{0x00000000e7df3030}: 'java.lang.Object java.lang.invoke.DirectMethodHandle$Holder.invokeInterface(java.lang.Object, java.lang.Object, java.lang.Object, java.lang.Object)'> (0x00000000e7df3030) thrown at [s\src\hotspot\share\interpreter\linkResolver.cpp, line 773]
Event: 12.696 Thread 0x000002015a9fa000 Exception <a 'java/lang/NoClassDefFoundError'{0x00000000e4ff2d18}> (0x00000000e4ff2d18) thrown at [s\src\hotspot\share\oops\instanceKlass.cpp, line 1029]
Event: 12.702 Thread 0x000002015a9fa000 Exception <a 'java/lang/NoClassDefFoundError'{0x00000000e4e5cf28}: org/apache/logging/log4j/spi/ExtendedLoggerWrapper> (0x00000000e4e5cf28) thrown at [s\src\hotspot\share\classfile\systemDictionary.cpp, line 219]
Event: 12.706 Thread 0x000002015a9fa000 Exception <a 'java/lang/NoClassDefFoundError'{0x00000000e4ea3680}: org/apache/log4j/Priority> (0x00000000e4ea3680) thrown at [s\src\hotspot\share\classfile\systemDictionary.cpp, line 219]
Event: 13.542 Thread 0x000002015a9fa000 Implicit null exception at 0x000002014d8684cb to 0x000002014d868e5c
Event: 13.904 Thread 0x000002015a9fa000 Exception <a 'java/lang/IncompatibleClassChangeError'{0x00000000e64303a0}: Found class java.lang.Object, but interface was expected> (0x00000000e64303a0) thrown at [s\src\hotspot\share\interpreter\linkResolver.cpp, line 839]
Event: 14.075 Thread 0x0000020159f50800 Exception <a 'java/net/ConnectException'{0x00000000e5e7fbc8}: Connection refused: connect> (0x00000000e5e7fbc8) thrown at [s\src\hotspot\share\prims\jni.cpp, line 638]
Event: 14.098 Thread 0x0000020159f50800 Exception <a 'java/net/ConnectException'{0x00000000e5e813e8}: Connection refused: connect> (0x00000000e5e813e8) thrown at [s\src\hotspot\share\prims\jni.cpp, line 638]
Event: 14.127 Thread 0x0000020159f50800 Exception <a 'java/net/ConnectException'{0x00000000e5e82368}: Connection refused: connect> (0x00000000e5e82368) thrown at [s\src\hotspot\share\prims\jni.cpp, line 638]
Event: 14.195 Thread 0x0000020159f50800 Exception <a 'java/net/ConnectException'{0x00000000e5e832e8}: Connection refused: connect> (0x00000000e5e832e8) thrown at [s\src\hotspot\share\prims\jni.cpp, line 638]
Event: 14.368 Thread 0x000002015a9fa000 Exception <a 'java/lang/NoSuchMethodError'{0x00000000e5a01308}: 'double java.lang.invoke.DirectMethodHandle$Holder.invokeVirtual(java.lang.Object, java.lang.Object)'> (0x00000000e5a01308) thrown at [s\src\hotspot\share\interpreter\linkResolver.cpp, line 773]
Event: 14.370 Thread 0x000002015a9fa000 Exception <a 'java/lang/NoSuchMethodError'{0x00000000e5a078c0}: 'float java.lang.invoke.DirectMethodHandle$Holder.invokeVirtual(java.lang.Object, java.lang.Object)'> (0x00000000e5a078c0) thrown at [s\src\hotspot\share\interpreter\linkResolver.cpp, line 773]
Event: 14.371 Thread 0x000002015a9fa000 Exception <a 'java/lang/NoSuchMethodError'{0x00000000e5a10558}: 'long java.lang.invoke.DirectMethodHandle$Holder.invokeVirtual(java.lang.Object, java.lang.Object)'> (0x00000000e5a10558) thrown at [s\src\hotspot\share\interpreter\linkResolver.cpp, line 773]
Event: 14.494 Thread 0x000002015a9fa000 Exception <a 'java/lang/NoSuchMethodError'{0x00000000e55a7308}: 'void java.lang.invoke.DirectMethodHandle$Holder.invokeStatic(java.lang.Object, java.lang.Object, int)'> (0x00000000e55a7308) thrown at [s\src\hotspot\share\interpreter\linkResolver.cpp, line 773]
Event: 14.711 Thread 0x000002015a9fa000 Exception <a 'java/lang/NoSuchMethodError'{0x00000000e7b493f8}: 'int java.lang.invoke.DirectMethodHandle$Holder.invokeSpecialIFC(java.lang.Object, java.lang.Object, java.lang.Object)'> (0x00000000e7b493f8) thrown at [s\src\hotspot\share\interpreter\linkResolver.cpp, line 773]

Events (20 events):
Event: 14.950 loading class org/asynchttpclient/cookie/ThreadSafeCookieStore$DomainUtils
Event: 14.950 loading class org/asynchttpclient/cookie/ThreadSafeCookieStore$DomainUtils done
Event: 14.951 loading class org/asynchttpclient/ws/WebSocketUpgradeHandler
Event: 14.951 loading class org/asynchttpclient/ws/WebSocketUpgradeHandler done
Event: 14.953 loading class org/asynchttpclient/util/StringBuilderPool
Event: 14.953 loading class org/asynchttpclient/util/StringBuilderPool done
Event: 14.955 loading class org/asynchttpclient/util/ProxyUtils$1
Event: 14.955 loading class org/asynchttpclient/util/ProxyUtils$1 done
Event: 14.956 loading class io/netty/handler/codec/http/HttpMethod
Event: 14.956 loading class io/netty/handler/codec/http/HttpMethod done
Event: 14.958 loading class io/netty/handler/codec/http/HttpMethod$EnumNameMap
Event: 14.958 loading class io/netty/handler/codec/http/HttpMethod$EnumNameMap done
Event: 14.960 loading class io/netty/handler/codec/http/HttpMethod$EnumNameMap$Node
Event: 14.960 loading class io/netty/handler/codec/http/HttpMethod$EnumNameMap$Node done
Event: 14.961 loading class io/netty/handler/codec/http/HttpVersion
Event: 14.961 loading class io/netty/handler/codec/http/HttpVersion done
Event: 14.963 loading class org/asynchttpclient/netty/request/body/NettyInputStreamBody
Event: 14.963 loading class org/asynchttpclient/netty/request/body/NettyInputStreamBody done
Event: 14.964 loading class org/asynchttpclient/netty/request/body/NettyDirectBody
Event: 14.964 loading class org/asynchttpclient/netty/request/body/NettyDirectBody done


Dynamic libraries:
0x00007ff7a9390000 - 0x00007ff7a939e000 	C:\Program Files\Eclipse Adoptium\jdk-11.0.19.7-hotspot\bin\java.exe
0x00007ff83f410000 - 0x00007ff83f608000 	C:\Windows\SYSTEM32\ntdll.dll
0x00007ff819180000 - 0x00007ff819199000 	C:\Program Files\Avast Software\Avast\aswhook.dll
0x00007ff83f260000 - 0x00007ff83f31d000 	C:\Windows\System32\KERNEL32.DLL
0x00007ff83cdb0000 - 0x00007ff83d07e000 	C:\Windows\System32\KERNELBASE.dll
0x00007ff83cb30000 - 0x00007ff83cc30000 	C:\Windows\System32\ucrtbase.dll
0x00007ff81ffc0000 - 0x00007ff81ffd9000 	C:\Program Files\Eclipse Adoptium\jdk-11.0.19.7-hotspot\bin\VCRUNTIME140.dll
0x00007ff831e80000 - 0x00007ff831e98000 	C:\Program Files\Eclipse Adoptium\jdk-11.0.19.7-hotspot\bin\jli.dll
0x00007ff83dd80000 - 0x00007ff83df20000 	C:\Windows\System32\USER32.dll
0x00007ff83d440000 - 0x00007ff83d462000 	C:\Windows\System32\win32u.dll
0x00007ff83be20000 - 0x00007ff83c0ba000 	C:\Windows\WinSxS\amd64_microsoft.windows.common-controls_6595b64144ccf1df_6.0.19041.1110_none_60b5254171f9507e\COMCTL32.dll
0x00007ff83d650000 - 0x00007ff83d67a000 	C:\Windows\System32\GDI32.dll
0x00007ff83cca0000 - 0x00007ff83cdab000 	C:\Windows\System32\gdi32full.dll
0x00007ff83d290000 - 0x00007ff83d32d000 	C:\Windows\System32\msvcp_win.dll
0x00007ff83d730000 - 0x00007ff83d7ce000 	C:\Windows\System32\msvcrt.dll
0x00007ff83d480000 - 0x00007ff83d4b0000 	C:\Windows\System32\IMM32.DLL
0x00007ff835680000 - 0x00007ff83568c000 	C:\Program Files\Eclipse Adoptium\jdk-11.0.19.7-hotspot\bin\vcruntime140_1.dll
0x00007fffd4f40000 - 0x00007fffd4fd1000 	C:\Program Files\Eclipse Adoptium\jdk-11.0.19.7-hotspot\bin\msvcp140.dll
0x00007fffcf1c0000 - 0x00007fffcfd7c000 	C:\Program Files\Eclipse Adoptium\jdk-11.0.19.7-hotspot\bin\server\jvm.dll
0x00007ff83dcd0000 - 0x00007ff83dd7e000 	C:\Windows\System32\ADVAPI32.dll
0x00007ff83f330000 - 0x00007ff83f3cc000 	C:\Windows\System32\sechost.dll
0x00007ff83dba0000 - 0x00007ff83dcc5000 	C:\Windows\System32\RPCRT4.dll
0x00007ff83f320000 - 0x00007ff83f328000 	C:\Windows\System32\PSAPI.DLL
0x00007ff82d340000 - 0x00007ff82d349000 	C:\Windows\SYSTEM32\WSOCK32.dll
0x00007ff827350000 - 0x00007ff827377000 	C:\Windows\SYSTEM32\WINMM.dll
0x00007ff839c80000 - 0x00007ff839c8a000 	C:\Windows\SYSTEM32\VERSION.dll
0x00007ff83df40000 - 0x00007ff83dfab000 	C:\Windows\System32\WS2_32.dll
0x00007ff83acc0000 - 0x00007ff83acd2000 	C:\Windows\SYSTEM32\kernel.appcore.dll
0x00007ff831e70000 - 0x00007ff831e80000 	C:\Program Files\Eclipse Adoptium\jdk-11.0.19.7-hotspot\bin\verify.dll
0x00007ff83c3c0000 - 0x00007ff83c5a4000 	C:\Windows\SYSTEM32\DBGHELP.DLL
0x00007ff83c350000 - 0x00007ff83c37c000 	C:\Windows\SYSTEM32\dbgcore.DLL
0x00007ff83d330000 - 0x00007ff83d3b2000 	C:\Windows\System32\bcryptPrimitives.dll
0x00007ff81e2b0000 - 0x00007ff81e2d8000 	C:\Program Files\Eclipse Adoptium\jdk-11.0.19.7-hotspot\bin\java.dll
0x00007ff82df90000 - 0x00007ff82df9a000 	C:\Program Files\Eclipse Adoptium\jdk-11.0.19.7-hotspot\bin\jimage.dll
0x00007ff83c6a0000 - 0x00007ff83c6ae000 	C:\Program Files\Eclipse Adoptium\jdk-11.0.19.7-hotspot\bin\instrument.dll
0x00007ff81fa80000 - 0x00007ff81fa98000 	C:\Program Files\Eclipse Adoptium\jdk-11.0.19.7-hotspot\bin\zip.dll
0x00007ff83e4f0000 - 0x00007ff83ec34000 	C:\Windows\System32\SHELL32.dll
0x00007ff839e10000 - 0x00007ff83a5a4000 	C:\Windows\SYSTEM32\windows.storage.dll
0x00007ff83ec40000 - 0x00007ff83ef94000 	C:\Windows\System32\combase.dll
0x00007ff83bd80000 - 0x00007ff83bdb0000 	C:\Windows\SYSTEM32\Wldp.dll
0x00007ff83f000000 - 0x00007ff83f0ad000 	C:\Windows\System32\SHCORE.dll
0x00007ff83db40000 - 0x00007ff83db95000 	C:\Windows\System32\shlwapi.dll
0x00007ff83ca70000 - 0x00007ff83ca8f000 	C:\Windows\SYSTEM32\profapi.dll
0x00007ff81f680000 - 0x00007ff81f699000 	C:\Program Files\Eclipse Adoptium\jdk-11.0.19.7-hotspot\bin\net.dll
0x00007ff82f580000 - 0x00007ff82f68a000 	C:\Windows\SYSTEM32\WINHTTP.dll
0x00007ff83bcb0000 - 0x00007ff83bd1a000 	C:\Windows\system32\mswsock.dll
0x00007ff81d0c0000 - 0x00007ff81d0d3000 	C:\Program Files\Eclipse Adoptium\jdk-11.0.19.7-hotspot\bin\nio.dll
0x00007ff83c7f0000 - 0x00007ff83c808000 	C:\Windows\SYSTEM32\CRYPTSP.dll
0x00007ff83b500000 - 0x00007ff83b534000 	C:\Windows\system32\rsaenh.dll
0x00007ff83d3c0000 - 0x00007ff83d3e7000 	C:\Windows\System32\bcrypt.dll
0x00007ff83c9f0000 - 0x00007ff83ca1e000 	C:\Windows\SYSTEM32\USERENV.dll
0x00007ff83bd40000 - 0x00007ff83bd4c000 	C:\Windows\SYSTEM32\CRYPTBASE.dll
0x00007ff83b850000 - 0x00007ff83b88b000 	C:\Windows\SYSTEM32\IPHLPAPI.DLL
0x00007ff83d640000 - 0x00007ff83d648000 	C:\Windows\System32\NSI.dll
0x00007ff832360000 - 0x00007ff832377000 	C:\Windows\SYSTEM32\dhcpcsvc6.DLL
0x00007ff832320000 - 0x00007ff83233d000 	C:\Windows\SYSTEM32\dhcpcsvc.DLL
0x00007ff83b890000 - 0x00007ff83b95b000 	C:\Windows\SYSTEM32\DNSAPI.dll
0x00007ff8234d0000 - 0x00007ff8234e7000 	C:\Windows\system32\napinsp.dll
0x00007ff8234a0000 - 0x00007ff8234bb000 	C:\Windows\system32\pnrpnsp.dll
0x00007ff823480000 - 0x00007ff823495000 	C:\Windows\system32\wshbth.dll
0x00007ff837f30000 - 0x00007ff837f4d000 	C:\Windows\system32\NLAapi.dll
0x00007ff823460000 - 0x00007ff823472000 	C:\Windows\System32\winrnr.dll
0x00007ff82f1a0000 - 0x00007ff82f1aa000 	C:\Windows\System32\rasadhlp.dll
0x00007ff82f0b0000 - 0x00007ff82f130000 	C:\Windows\System32\fwpuclnt.dll
0x00007ff835690000 - 0x00007ff835699000 	C:\Program Files\Eclipse Adoptium\jdk-11.0.19.7-hotspot\bin\management.dll
0x00007ff835660000 - 0x00007ff83566b000 	C:\Program Files\Eclipse Adoptium\jdk-11.0.19.7-hotspot\bin\management_ext.dll
0x00007ff826020000 - 0x00007ff82602e000 	C:\Program Files\Eclipse Adoptium\jdk-11.0.19.7-hotspot\bin\sunmscapi.dll
0x00007ff83d130000 - 0x00007ff83d286000 	C:\Windows\System32\CRYPT32.dll
0x00007ff83bdf0000 - 0x00007ff83be17000 	C:\Windows\SYSTEM32\ncrypt.dll
0x00007ff83bdb0000 - 0x00007ff83bdeb000 	C:\Windows\SYSTEM32\NTASN1.dll
0x00007ff81ccf0000 - 0x00007ff81cd17000 	C:\Program Files\Eclipse Adoptium\jdk-11.0.19.7-hotspot\bin\sunec.dll

dbghelp: loaded successfully - version: 4.0.5 - missing functions: none
symbol engine: initialized successfully - sym options: 0x614 - pdb path: .;C:\Program Files\Eclipse Adoptium\jdk-11.0.19.7-hotspot\bin;C:\Windows\SYSTEM32;C:\Program Files\Avast Software\Avast;C:\Windows\WinSxS\amd64_microsoft.windows.common-controls_6595b64144ccf1df_6.0.19041.1110_none_60b5254171f9507e;C:\Program Files\Eclipse Adoptium\jdk-11.0.19.7-hotspot\bin\server

VM Arguments:
jvm_args: -Dallure.results.directory=C:\NETOLOGY\autojava\JavaCorse\build\allure-results -Djunit.jupiter.extensions.autodetection.enabled=true -Dorg.gradle.native=false -Dselenide.headless -javaagent:C:\Users\user\.gradle\caches\modules-2\files-2.1\org.aspectj\aspectjweaver\1.9.9.1\dcd2703279a94ad909fa3f3d08671cb0f2dabf7\aspectjweaver-1.9.9.1.jar -Xmx512m -Dfile.encoding=UTF-8 -Duser.country=RU -Duser.language=ru -Duser.variant -ea 
java_command: worker.org.gradle.process.internal.worker.GradleWorkerMain 'Gradle Test Executor 8'
java_class_path (initial): C:\\Users\\user\\.gradle\\caches\\6.7\\workerMain\\gradle-worker.jar;C:\\NETOLOGY\\autojava\\JavaCorse\\build\\classes\\java\\test;C:\\NETOLOGY\\autojava\\JavaCorse\\build\\resources\\test;C:\\NETOLOGY\\autojava\\JavaCorse\\build\\classes\\java\\main;C:\\NETOLOGY\\autojava\\JavaCorse\\build\\resources\\main;C:\\Users\\user\\.gradle\\caches\\modules-2\\files-2.1\\org.junit.jupiter\\junit-jupiter-params\\5.8.2\\ddeafe92fc263f895bfb73ffeca7fd56e23c2cce\\junit-jupiter-params-5.8.2.jar;C:\\Users\\user\\.gradle\\caches\\modules-2\\files-2.1\\org.junit.jupiter\\junit-jupiter-engine\\5.8.2\\c598b4328d2f397194d11df3b1648d68d7d990e3\\junit-jupiter-engine-5.8.2.jar;C:\\Users\\user\\.gradle\\caches\\modules-2\\files-2.1\\io.qameta.allure\\allure-junit5\\2.20.1\\4dd0476b2b3faf26719200407a2ecfd0cd3b4de9\\allure-junit5-2.20.1.jar;C:\\Users\\user\\.gradle\\caches\\modules-2\\files-2.1\\io.qameta.allure\\allure-junit-platform\\2.20.1\\eed7d32afe119e7897123e4183921e311dae509f\\allure-junit-platform-2.20.1.jar;C:\\Users\\user\\.gradle\\caches\\modules-2\\files-2.1\\org.junit.jupiter\\junit-jupiter-api\\5.8.2\\4c21029217adf07e4c0d0c5e192b6bf610c94bdc\\junit-jupiter-api-5.8.2.jar;C:\\Users\\user\\.gradle\\caches\\modules-2\\files-2.1\\org.junit.platform\\junit-platform-launcher\\1.8.2\\c334fcee82b81311ab5c426ec2d52d467c8d0b28\\junit-platform-launcher-1.8.2.jar;C:\\Users\\user\\.gradle\\caches\\modules-2\\files-2.1\\org.junit.platform\\junit-platform-engine\\1.8.2\\b737de09f19864bd136805c84df7999a142fec29\\junit-platform-engine-1.8.2.jar;C:\\Users\\user\\.gradle\\caches\\modules-2\\files-2.1\\org.junit.platform\\junit-platform-commons\\1.8.2\\32c8b8617c1342376fd5af2053da6410d8866861\\junit-platform-commons-1.8.2.jar;C:\\Users\\user\\.gradle\\caches\\modules-2\\files-2.1\\org.junit.jupiter\\junit-jupiter\\5.8.2\\5a817b1e63f1217e5c586090c45e681281f097ad\\junit-jupiter-5.8.2.jar;C:\\Users\\user\\.gradle\\caches\\modules-2\\files-2.1\\com.codeborne\\selenide\\6.1
Launcher Type: SUN_STANDARD

[Global flags]
     intx CICompilerCount                          = 3                                         {product} {ergonomic}
     uint ConcGCThreads                            = 1                                         {product} {ergonomic}
     uint G1ConcRefinementThreads                  = 4                                         {product} {ergonomic}
   size_t G1HeapRegionSize                         = 1048576                                   {product} {ergonomic}
    uintx GCDrainStackTargetSize                   = 64                                        {product} {ergonomic}
   size_t InitialHeapSize                          = 134217728                                 {product} {ergonomic}
   size_t MarkStackSize                            = 4194304                                   {product} {ergonomic}
   size_t MaxHeapSize                              = 536870912                                 {product} {command line}
   size_t MaxNewSize                               = 321912832                                 {product} {ergonomic}
   size_t MinHeapDeltaBytes                        = 1048576                                   {product} {ergonomic}
    uintx NonNMethodCodeHeapSize                   = 5830732                                {pd product} {ergonomic}
    uintx NonProfiledCodeHeapSize                  = 122913754                              {pd product} {ergonomic}
    uintx ProfiledCodeHeapSize                     = 122913754                              {pd product} {ergonomic}
    uintx ReservedCodeCacheSize                    = 251658240                              {pd product} {ergonomic}
     bool SegmentedCodeCache                       = true                                      {product} {ergonomic}
     bool UseCompressedClassPointers               = true                                 {lp64_product} {ergonomic}
     bool UseCompressedOops                        = true                                 {lp64_product} {ergonomic}
     bool UseG1GC                                  = true                                      {product} {ergonomic}
     bool UseLargePagesIndividualAllocation        = false                                  {pd product} {ergonomic}

Logging:
Log output configuration:
 #0: stdout all=warning uptime,level,tags
 #1: stderr all=off uptime,level,tags

Environment Variables:
JAVA_HOME=C:\Program Files\Eclipse Adoptium\jdk-11.0.19.7-hotspot\
PATH=C:\Program Files\Eclipse Adoptium\jdk-11.0.19.7-hotspot\bin;C:\Windows\system32;C:\Windows;C:\Windows\System32\Wbem;C:\Windows\System32\WindowsPowerShell\v1.0\;C:\Windows\System32\OpenSSH\;C:\Program Files\7-Zip;C:\Program Files\Git\cmd;C:\Program Files\Docker\Docker\resources\bin;C:\Program Files\nodejs\;C:\Users\user\AppData\Local\Microsoft\WindowsApps;;C:\Users\user\AppData\Local\Programs\Microsoft VS Code\bin;C:\Program Files\JetBrains\IntelliJ IDEA 2023.1.3\bin;;C:\Program Files\JetBrains\IntelliJ IDEA Community Edition 2023.2\bin;;C:\Users\user\AppData\Roaming\npm
USERNAME=user
OS=Windows_NT
PROCESSOR_IDENTIFIER=Intel64 Family 6 Model 42 Stepping 7, GenuineIntel
TMP=C:\Users\user\AppData\Local\Temp
TEMP=C:\Users\user\AppData\Local\Temp



---------------  S Y S T E M  ---------------

OS: Windows 10 , 64 bit Build 19041 (10.0.19041.1806)
OS uptime: 2 days 6:12 hours
Hyper-V role detected

CPU:total 4 (initial active 4) (2 cores per cpu, 2 threads per core) family 6 model 42 stepping 7 microcode 0x2f, cmov, cx8, fxsr, mmx, sse, sse2, sse3, ssse3, sse4.1, sse4.2, popcnt, avx, aes, clmul, ht, tsc, tscinvbit

Memory: 4k page, system-wide physical 8139M (801M free)
TotalPageFile size 20456M (AvailPageFile size 3152M)
current process WorkingSet (physical memory assigned to process): 272M, peak: 273M
current process commit charge ("private bytes"): 307M, peak: 310M

vm_info: OpenJDK 64-Bit Server VM (11.0.19+7) for windows-amd64 JRE (11.0.19+7), built on Apr 18 2023 23:12:18 by "" with MS VC++ 16.7 (VS2019)

END.
